{"C:\\Users\\Katsu\\task-manager-testing-lab\\src\\types.ts": {"path":"C:\\Users\\Katsu\\task-manager-testing-lab\\src\\types.ts","statementMap":{},"fnMap":{},"branchMap":{},"s":{},"f":{},"b":{}}
,"C:\\Users\\Katsu\\task-manager-testing-lab\\src\\components\\ConfirmDeleteDialog.tsx": {"path":"C:\\Users\\Katsu\\task-manager-testing-lab\\src\\components\\ConfirmDeleteDialog.tsx","statementMap":{"0":{"start":{"line":17,"column":2},"end":{"line":47,"column":4}}},"fnMap":{"0":{"name":"ConfirmDeleteDialog","decl":{"start":{"line":11,"column":16},"end":{"line":11,"column":35}},"loc":{"start":{"line":16,"column":29},"end":{"line":48,"column":1}},"line":16}},"branchMap":{"0":{"loc":{"start":{"line":23,"column":42},"end":{"line":23,"column":85}},"type":"cond-expr","locations":[{"start":{"line":23,"column":54},"end":{"line":23,"column":70}},{"start":{"line":23,"column":73},"end":{"line":23,"column":85}}],"line":23}},"s":{"0":18},"f":{"0":18},"b":{"0":[6,12]},"_coverageSchema":"1a1c01bbd47fc00a2c39e90264f33305004495a9","hash":"4c2f6bd60858b1ae4b086d09e2485d7c3bdd739f"}
,"C:\\Users\\Katsu\\task-manager-testing-lab\\src\\components\\LabeledInput.tsx": {"path":"C:\\Users\\Katsu\\task-manager-testing-lab\\src\\components\\LabeledInput.tsx","statementMap":{"0":{"start":{"line":5,"column":37},"end":{"line":5,"column":66}},"1":{"start":{"line":12,"column":2},"end":{"line":22,"column":4}}},"fnMap":{"0":{"name":"LabeledInput","decl":{"start":{"line":11,"column":16},"end":{"line":11,"column":28}},"loc":{"start":{"line":11,"column":68},"end":{"line":23,"column":1}},"line":11}},"branchMap":{"0":{"loc":{"start":{"line":17,"column":30},"end":{"line":17,"column":87}},"type":"cond-expr","locations":[{"start":{"line":17,"column":54},"end":{"line":17,"column":75}},{"start":{"line":17,"column":78},"end":{"line":17,"column":87}}],"line":17}},"s":{"0":1,"1":140},"f":{"0":140},"b":{"0":[140,0]},"_coverageSchema":"1a1c01bbd47fc00a2c39e90264f33305004495a9","hash":"532e93492b32dde44175e82a5779adfa1cb9f37d"}
,"C:\\Users\\Katsu\\task-manager-testing-lab\\src\\components\\PaymentInfoSection.tsx": {"path":"C:\\Users\\Katsu\\task-manager-testing-lab\\src\\components\\PaymentInfoSection.tsx","statementMap":{"0":{"start":{"line":18,"column":2},"end":{"line":53,"column":4}},"1":{"start":{"line":26,"column":29},"end":{"line":26,"column":51}},"2":{"start":{"line":34,"column":29},"end":{"line":34,"column":57}},"3":{"start":{"line":41,"column":29},"end":{"line":41,"column":55}},"4":{"start":{"line":50,"column":29},"end":{"line":50,"column":47}}},"fnMap":{"0":{"name":"PaymentInfoSection","decl":{"start":{"line":17,"column":16},"end":{"line":17,"column":34}},"loc":{"start":{"line":17,"column":64},"end":{"line":54,"column":1}},"line":17},"1":{"name":"(anonymous_1)","decl":{"start":{"line":26,"column":22},"end":{"line":26,"column":23}},"loc":{"start":{"line":26,"column":29},"end":{"line":26,"column":51}},"line":26},"2":{"name":"(anonymous_2)","decl":{"start":{"line":34,"column":22},"end":{"line":34,"column":23}},"loc":{"start":{"line":34,"column":29},"end":{"line":34,"column":57}},"line":34},"3":{"name":"(anonymous_3)","decl":{"start":{"line":41,"column":22},"end":{"line":41,"column":23}},"loc":{"start":{"line":41,"column":29},"end":{"line":41,"column":55}},"line":41},"4":{"name":"(anonymous_4)","decl":{"start":{"line":50,"column":22},"end":{"line":50,"column":23}},"loc":{"start":{"line":50,"column":29},"end":{"line":50,"column":47}},"line":50}},"branchMap":{},"s":{"0":14,"1":1,"2":1,"3":1,"4":1},"f":{"0":14,"1":1,"2":1,"3":1,"4":1},"b":{},"_coverageSchema":"1a1c01bbd47fc00a2c39e90264f33305004495a9","hash":"08795ca77551704ba4d025ffd7d1a1a5092dd7d1"}
,"C:\\Users\\Katsu\\task-manager-testing-lab\\src\\components\\ShippingInfoSection.tsx": {"path":"C:\\Users\\Katsu\\task-manager-testing-lab\\src\\components\\ShippingInfoSection.tsx","statementMap":{"0":{"start":{"line":17,"column":2},"end":{"line":43,"column":4}},"1":{"start":{"line":25,"column":29},"end":{"line":25,"column":53}},"2":{"start":{"line":32,"column":29},"end":{"line":32,"column":50}},"3":{"start":{"line":40,"column":29},"end":{"line":40,"column":56}}},"fnMap":{"0":{"name":"ShippingInfoSection","decl":{"start":{"line":16,"column":16},"end":{"line":16,"column":35}},"loc":{"start":{"line":16,"column":65},"end":{"line":44,"column":1}},"line":16},"1":{"name":"(anonymous_1)","decl":{"start":{"line":25,"column":22},"end":{"line":25,"column":23}},"loc":{"start":{"line":25,"column":29},"end":{"line":25,"column":53}},"line":25},"2":{"name":"(anonymous_2)","decl":{"start":{"line":32,"column":22},"end":{"line":32,"column":23}},"loc":{"start":{"line":32,"column":29},"end":{"line":32,"column":50}},"line":32},"3":{"name":"(anonymous_3)","decl":{"start":{"line":40,"column":22},"end":{"line":40,"column":23}},"loc":{"start":{"line":40,"column":29},"end":{"line":40,"column":56}},"line":40}},"branchMap":{},"s":{"0":14,"1":1,"2":1,"3":1},"f":{"0":14,"1":1,"2":1,"3":1},"b":{},"_coverageSchema":"1a1c01bbd47fc00a2c39e90264f33305004495a9","hash":"cf9d3901366f8cf9f1754b84c7dbcd13d41c72ce"}
,"C:\\Users\\Katsu\\task-manager-testing-lab\\src\\components\\StatusBadge.tsx": {"path":"C:\\Users\\Katsu\\task-manager-testing-lab\\src\\components\\StatusBadge.tsx","statementMap":{"0":{"start":{"line":5,"column":16},"end":{"line":5,"column":67}},"1":{"start":{"line":6,"column":15},"end":{"line":6,"column":49}},"2":{"start":{"line":8,"column":2},"end":{"line":17,"column":4}}},"fnMap":{"0":{"name":"StatusBadge","decl":{"start":{"line":4,"column":16},"end":{"line":4,"column":27}},"loc":{"start":{"line":4,"column":77},"end":{"line":18,"column":1}},"line":4}},"branchMap":{"0":{"loc":{"start":{"line":5,"column":16},"end":{"line":5,"column":67}},"type":"cond-expr","locations":[{"start":{"line":5,"column":41},"end":{"line":5,"column":53}},{"start":{"line":5,"column":56},"end":{"line":5,"column":67}}],"line":5},"1":{"loc":{"start":{"line":6,"column":15},"end":{"line":6,"column":49}},"type":"cond-expr","locations":[{"start":{"line":6,"column":40},"end":{"line":6,"column":43}},{"start":{"line":6,"column":46},"end":{"line":6,"column":49}}],"line":6}},"s":{"0":2,"1":2,"2":2},"f":{"0":2},"b":{"0":[1,1],"1":[1,1]},"_coverageSchema":"1a1c01bbd47fc00a2c39e90264f33305004495a9","hash":"c0e9761b8e0ecfe024cded9246e3b69437b0772b"}
,"C:\\Users\\Katsu\\task-manager-testing-lab\\src\\components\\TaskCard.tsx": {"path":"C:\\Users\\Katsu\\task-manager-testing-lab\\src\\components\\TaskCard.tsx","statementMap":{"0":{"start":{"line":12,"column":15},"end":{"line":12,"column":42}},"1":{"start":{"line":13,"column":2},"end":{"line":33,"column":4}},"2":{"start":{"line":17,"column":23},"end":{"line":17,"column":40}},"3":{"start":{"line":26,"column":23},"end":{"line":26,"column":40}}},"fnMap":{"0":{"name":"TaskCard","decl":{"start":{"line":11,"column":16},"end":{"line":11,"column":24}},"loc":{"start":{"line":11,"column":81},"end":{"line":34,"column":1}},"line":11},"1":{"name":"(anonymous_1)","decl":{"start":{"line":11,"column":54},"end":{"line":11,"column":55}},"loc":{"start":{"line":11,"column":60},"end":{"line":11,"column":62}},"line":11},"2":{"name":"(anonymous_2)","decl":{"start":{"line":17,"column":17},"end":{"line":17,"column":18}},"loc":{"start":{"line":17,"column":23},"end":{"line":17,"column":40}},"line":17},"3":{"name":"(anonymous_3)","decl":{"start":{"line":26,"column":17},"end":{"line":26,"column":18}},"loc":{"start":{"line":26,"column":23},"end":{"line":26,"column":40}},"line":26}},"branchMap":{"0":{"loc":{"start":{"line":11,"column":43},"end":{"line":11,"column":62}},"type":"default-arg","locations":[{"start":{"line":11,"column":54},"end":{"line":11,"column":62}}],"line":11},"1":{"loc":{"start":{"line":19,"column":63},"end":{"line":19,"column":96}},"type":"cond-expr","locations":[{"start":{"line":19,"column":70},"end":{"line":19,"column":81}},{"start":{"line":19,"column":84},"end":{"line":19,"column":96}}],"line":19},"2":{"loc":{"start":{"line":21,"column":41},"end":{"line":21,"column":82}},"type":"cond-expr","locations":[{"start":{"line":21,"column":48},"end":{"line":21,"column":64}},{"start":{"line":21,"column":67},"end":{"line":21,"column":82}}],"line":21},"3":{"loc":{"start":{"line":22,"column":11},"end":{"line":22,"column":48}},"type":"cond-expr","locations":[{"start":{"line":22,"column":18},"end":{"line":22,"column":32}},{"start":{"line":22,"column":35},"end":{"line":22,"column":48}}],"line":22}},"s":{"0":16,"1":16,"2":0,"3":1},"f":{"0":16,"1":0,"2":0,"3":1},"b":{"0":[10],"1":[3,13],"2":[3,13],"3":[3,13]},"_coverageSchema":"1a1c01bbd47fc00a2c39e90264f33305004495a9","hash":"fa54284ed376849de724824a34d4dfbf4df8fbed"}
,"C:\\Users\\Katsu\\task-manager-testing-lab\\src\\components\\TaskForm.tsx": {"path":"C:\\Users\\Katsu\\task-manager-testing-lab\\src\\components\\TaskForm.tsx","statementMap":{"0":{"start":{"line":9,"column":28},"end":{"line":9,"column":40}},"1":{"start":{"line":11,"column":23},"end":{"line":15,"column":3}},"2":{"start":{"line":12,"column":4},"end":{"line":12,"column":30}},"3":{"start":{"line":12,"column":23},"end":{"line":12,"column":30}},"4":{"start":{"line":13,"column":4},"end":{"line":13,"column":20}},"5":{"start":{"line":14,"column":4},"end":{"line":14,"column":17}},"6":{"start":{"line":17,"column":2},"end":{"line":36,"column":4}}},"fnMap":{"0":{"name":"TaskForm","decl":{"start":{"line":8,"column":16},"end":{"line":8,"column":24}},"loc":{"start":{"line":8,"column":54},"end":{"line":37,"column":1}},"line":8},"1":{"name":"(anonymous_1)","decl":{"start":{"line":11,"column":23},"end":{"line":11,"column":24}},"loc":{"start":{"line":11,"column":29},"end":{"line":15,"column":3}},"line":11}},"branchMap":{"0":{"loc":{"start":{"line":12,"column":4},"end":{"line":12,"column":30}},"type":"if","locations":[{"start":{"line":12,"column":4},"end":{"line":12,"column":30}},{"start":{},"end":{}}],"line":12}},"s":{"0":20,"1":20,"2":4,"3":1,"4":3,"5":3,"6":20},"f":{"0":20,"1":4},"b":{"0":[1,3]},"_coverageSchema":"1a1c01bbd47fc00a2c39e90264f33305004495a9","hash":"e5f498587f5324351c225e74e1256220b0143922"}
,"C:\\Users\\Katsu\\task-manager-testing-lab\\src\\components\\TaskList.tsx": {"path":"C:\\Users\\Katsu\\task-manager-testing-lab\\src\\components\\TaskList.tsx","statementMap":{"0":{"start":{"line":13,"column":2},"end":{"line":15,"column":3}},"1":{"start":{"line":14,"column":4},"end":{"line":14,"column":95}},"2":{"start":{"line":17,"column":2},"end":{"line":30,"column":4}},"3":{"start":{"line":26,"column":29},"end":{"line":26,"column":33}},"4":{"start":{"line":27,"column":34},"end":{"line":27,"column":98}}},"fnMap":{"0":{"name":"TaskList","decl":{"start":{"line":12,"column":16},"end":{"line":12,"column":24}},"loc":{"start":{"line":12,"column":93},"end":{"line":31,"column":1}},"line":12},"1":{"name":"(anonymous_1)","decl":{"start":{"line":12,"column":45},"end":{"line":12,"column":46}},"loc":{"start":{"line":12,"column":51},"end":{"line":12,"column":53}},"line":12},"2":{"name":"(anonymous_2)","decl":{"start":{"line":12,"column":66},"end":{"line":12,"column":67}},"loc":{"start":{"line":12,"column":72},"end":{"line":12,"column":74}},"line":12},"3":{"name":"(anonymous_3)","decl":{"start":{"line":26,"column":22},"end":{"line":26,"column":23}},"loc":{"start":{"line":26,"column":29},"end":{"line":26,"column":33}},"line":26},"4":{"name":"(anonymous_4)","decl":{"start":{"line":27,"column":20},"end":{"line":27,"column":21}},"loc":{"start":{"line":27,"column":34},"end":{"line":27,"column":98}},"line":27}},"branchMap":{"0":{"loc":{"start":{"line":12,"column":34},"end":{"line":12,"column":53}},"type":"default-arg","locations":[{"start":{"line":12,"column":45},"end":{"line":12,"column":53}}],"line":12},"1":{"loc":{"start":{"line":12,"column":55},"end":{"line":12,"column":74}},"type":"default-arg","locations":[{"start":{"line":12,"column":66},"end":{"line":12,"column":74}}],"line":12},"2":{"loc":{"start":{"line":13,"column":2},"end":{"line":15,"column":3}},"type":"if","locations":[{"start":{"line":13,"column":2},"end":{"line":15,"column":3}},{"start":{},"end":{}}],"line":13},"3":{"loc":{"start":{"line":20,"column":9},"end":{"line":20,"column":66}},"type":"cond-expr","locations":[{"start":{"line":20,"column":30},"end":{"line":20,"column":39}},{"start":{"line":20,"column":42},"end":{"line":20,"column":66}}],"line":20}},"s":{"0":15,"1":11,"2":4,"3":10,"4":6},"f":{"0":15,"1":0,"2":0,"3":10,"4":6},"b":{"0":[3],"1":[3],"2":[11,4],"3":[2,2]},"_coverageSchema":"1a1c01bbd47fc00a2c39e90264f33305004495a9","hash":"e92e2aff41070d93a4f4d243951b8af71e366e01"}
,"C:\\Users\\Katsu\\task-manager-testing-lab\\src\\components\\UserInfoSection.tsx": {"path":"C:\\Users\\Katsu\\task-manager-testing-lab\\src\\components\\UserInfoSection.tsx","statementMap":{"0":{"start":{"line":17,"column":2},"end":{"line":45,"column":4}},"1":{"start":{"line":25,"column":29},"end":{"line":25,"column":50}},"2":{"start":{"line":34,"column":29},"end":{"line":34,"column":49}},"3":{"start":{"line":42,"column":29},"end":{"line":42,"column":52}}},"fnMap":{"0":{"name":"UserInfoSection","decl":{"start":{"line":16,"column":16},"end":{"line":16,"column":31}},"loc":{"start":{"line":16,"column":61},"end":{"line":46,"column":1}},"line":16},"1":{"name":"(anonymous_1)","decl":{"start":{"line":25,"column":22},"end":{"line":25,"column":23}},"loc":{"start":{"line":25,"column":29},"end":{"line":25,"column":50}},"line":25},"2":{"name":"(anonymous_2)","decl":{"start":{"line":34,"column":22},"end":{"line":34,"column":23}},"loc":{"start":{"line":34,"column":29},"end":{"line":34,"column":49}},"line":34},"3":{"name":"(anonymous_3)","decl":{"start":{"line":42,"column":22},"end":{"line":42,"column":23}},"loc":{"start":{"line":42,"column":29},"end":{"line":42,"column":52}},"line":42}},"branchMap":{},"s":{"0":14,"1":1,"2":1,"3":1},"f":{"0":14,"1":1,"2":1,"3":1},"b":{},"_coverageSchema":"1a1c01bbd47fc00a2c39e90264f33305004495a9","hash":"ebefab12a8f35fe1f477cfe30e0ab506763e6d41"}
,"C:\\Users\\Katsu\\task-manager-testing-lab\\src\\hooks\\useCounter.ts": {"path":"C:\\Users\\Katsu\\task-manager-testing-lab\\src\\hooks\\useCounter.ts","statementMap":{"0":{"start":{"line":4,"column":28},"end":{"line":4,"column":50}},"1":{"start":{"line":6,"column":20},"end":{"line":6,"column":54}},"2":{"start":{"line":6,"column":26},"end":{"line":6,"column":54}},"3":{"start":{"line":6,"column":45},"end":{"line":6,"column":53}},"4":{"start":{"line":7,"column":20},"end":{"line":7,"column":54}},"5":{"start":{"line":7,"column":26},"end":{"line":7,"column":54}},"6":{"start":{"line":7,"column":45},"end":{"line":7,"column":53}},"7":{"start":{"line":8,"column":16},"end":{"line":8,"column":44}},"8":{"start":{"line":8,"column":22},"end":{"line":8,"column":44}},"9":{"start":{"line":10,"column":2},"end":{"line":10,"column":48}}},"fnMap":{"0":{"name":"useCounter","decl":{"start":{"line":3,"column":16},"end":{"line":3,"column":26}},"loc":{"start":{"line":3,"column":53},"end":{"line":11,"column":1}},"line":3},"1":{"name":"(anonymous_1)","decl":{"start":{"line":6,"column":20},"end":{"line":6,"column":21}},"loc":{"start":{"line":6,"column":26},"end":{"line":6,"column":54}},"line":6},"2":{"name":"(anonymous_2)","decl":{"start":{"line":6,"column":35},"end":{"line":6,"column":36}},"loc":{"start":{"line":6,"column":45},"end":{"line":6,"column":53}},"line":6},"3":{"name":"(anonymous_3)","decl":{"start":{"line":7,"column":20},"end":{"line":7,"column":21}},"loc":{"start":{"line":7,"column":26},"end":{"line":7,"column":54}},"line":7},"4":{"name":"(anonymous_4)","decl":{"start":{"line":7,"column":35},"end":{"line":7,"column":36}},"loc":{"start":{"line":7,"column":45},"end":{"line":7,"column":53}},"line":7},"5":{"name":"(anonymous_5)","decl":{"start":{"line":8,"column":16},"end":{"line":8,"column":17}},"loc":{"start":{"line":8,"column":22},"end":{"line":8,"column":44}},"line":8}},"branchMap":{"0":{"loc":{"start":{"line":3,"column":27},"end":{"line":3,"column":51}},"type":"default-arg","locations":[{"start":{"line":3,"column":50},"end":{"line":3,"column":51}}],"line":3}},"s":{"0":9,"1":9,"2":3,"3":3,"4":9,"5":1,"6":1,"7":9,"8":1,"9":9},"f":{"0":9,"1":3,"2":3,"3":1,"4":1,"5":1},"b":{"0":[3]},"_coverageSchema":"1a1c01bbd47fc00a2c39e90264f33305004495a9","hash":"2263df31a02423189f2e63dad2919bf2bd143a8a"}
,"C:\\Users\\Katsu\\task-manager-testing-lab\\src\\hooks\\useCreateTask.ts": {"path":"C:\\Users\\Katsu\\task-manager-testing-lab\\src\\hooks\\useCreateTask.ts","statementMap":{"0":{"start":{"line":6,"column":20},"end":{"line":6,"column":27}},"1":{"start":{"line":9,"column":30},"end":{"line":9,"column":88}},"2":{"start":{"line":10,"column":28},"end":{"line":10,"column":48}},"3":{"start":{"line":11,"column":17},"end":{"line":11,"column":30}},"4":{"start":{"line":13,"column":2},"end":{"line":37,"column":9}},"5":{"start":{"line":14,"column":17},"end":{"line":14,"column":21}},"6":{"start":{"line":15,"column":4},"end":{"line":22,"column":9}},"7":{"start":{"line":17,"column":8},"end":{"line":17,"column":43}},"8":{"start":{"line":17,"column":17},"end":{"line":17,"column":43}},"9":{"start":{"line":21,"column":8},"end":{"line":21,"column":30}},"10":{"start":{"line":28,"column":4},"end":{"line":32,"column":23}},"11":{"start":{"line":30,"column":8},"end":{"line":30,"column":37}},"12":{"start":{"line":30,"column":20},"end":{"line":30,"column":37}},"13":{"start":{"line":34,"column":4},"end":{"line":36,"column":6}},"14":{"start":{"line":35,"column":6},"end":{"line":35,"column":21}},"15":{"start":{"line":39,"column":2},"end":{"line":43,"column":14}},"16":{"start":{"line":41,"column":4},"end":{"line":41,"column":32}},"17":{"start":{"line":41,"column":25},"end":{"line":41,"column":32}},"18":{"start":{"line":42,"column":4},"end":{"line":42,"column":77}},"19":{"start":{"line":45,"column":17},"end":{"line":54,"column":3}},"20":{"start":{"line":46,"column":4},"end":{"line":46,"column":25}},"21":{"start":{"line":47,"column":4},"end":{"line":53,"column":5}},"22":{"start":{"line":48,"column":19},"end":{"line":48,"column":42}},"23":{"start":{"line":49,"column":6},"end":{"line":49,"column":42}},"24":{"start":{"line":49,"column":25},"end":{"line":49,"column":40}},"25":{"start":{"line":50,"column":6},"end":{"line":50,"column":27}},"26":{"start":{"line":52,"column":6},"end":{"line":52,"column":25}},"27":{"start":{"line":56,"column":21},"end":{"line":58,"column":3}},"28":{"start":{"line":57,"column":4},"end":{"line":57,"column":56}},"29":{"start":{"line":57,"column":23},"end":{"line":57,"column":54}},"30":{"start":{"line":57,"column":42},"end":{"line":57,"column":53}},"31":{"start":{"line":60,"column":21},"end":{"line":66,"column":3}},"32":{"start":{"line":61,"column":4},"end":{"line":65,"column":6}},"33":{"start":{"line":62,"column":6},"end":{"line":64,"column":7}},"34":{"start":{"line":63,"column":8},"end":{"line":63,"column":94}},"35":{"start":{"line":68,"column":2},"end":{"line":68,"column":59}}},"fnMap":{"0":{"name":"useCreateTask","decl":{"start":{"line":8,"column":16},"end":{"line":8,"column":29}},"loc":{"start":{"line":8,"column":32},"end":{"line":69,"column":1}},"line":8},"1":{"name":"(anonymous_1)","decl":{"start":{"line":13,"column":12},"end":{"line":13,"column":13}},"loc":{"start":{"line":13,"column":18},"end":{"line":37,"column":3}},"line":13},"2":{"name":"(anonymous_2)","decl":{"start":{"line":16,"column":12},"end":{"line":16,"column":13}},"loc":{"start":{"line":16,"column":21},"end":{"line":18,"column":7}},"line":16},"3":{"name":"(anonymous_3)","decl":{"start":{"line":19,"column":13},"end":{"line":19,"column":14}},"loc":{"start":{"line":19,"column":19},"end":{"line":19,"column":21}},"line":19},"4":{"name":"(anonymous_4)","decl":{"start":{"line":20,"column":15},"end":{"line":20,"column":16}},"loc":{"start":{"line":20,"column":21},"end":{"line":22,"column":7}},"line":20},"5":{"name":"(anonymous_5)","decl":{"start":{"line":29,"column":12},"end":{"line":29,"column":13}},"loc":{"start":{"line":29,"column":24},"end":{"line":31,"column":7}},"line":29},"6":{"name":"(anonymous_6)","decl":{"start":{"line":32,"column":13},"end":{"line":32,"column":14}},"loc":{"start":{"line":32,"column":19},"end":{"line":32,"column":21}},"line":32},"7":{"name":"(anonymous_7)","decl":{"start":{"line":34,"column":11},"end":{"line":34,"column":12}},"loc":{"start":{"line":34,"column":17},"end":{"line":36,"column":5}},"line":34},"8":{"name":"(anonymous_8)","decl":{"start":{"line":39,"column":12},"end":{"line":39,"column":13}},"loc":{"start":{"line":39,"column":18},"end":{"line":43,"column":3}},"line":39},"9":{"name":"(anonymous_9)","decl":{"start":{"line":42,"column":67},"end":{"line":42,"column":68}},"loc":{"start":{"line":42,"column":73},"end":{"line":42,"column":75}},"line":42},"10":{"name":"(anonymous_10)","decl":{"start":{"line":45,"column":17},"end":{"line":45,"column":18}},"loc":{"start":{"line":45,"column":42},"end":{"line":54,"column":3}},"line":45},"11":{"name":"(anonymous_11)","decl":{"start":{"line":49,"column":15},"end":{"line":49,"column":16}},"loc":{"start":{"line":49,"column":25},"end":{"line":49,"column":40}},"line":49},"12":{"name":"(anonymous_12)","decl":{"start":{"line":56,"column":21},"end":{"line":56,"column":22}},"loc":{"start":{"line":56,"column":37},"end":{"line":58,"column":3}},"line":56},"13":{"name":"(anonymous_13)","decl":{"start":{"line":57,"column":13},"end":{"line":57,"column":14}},"loc":{"start":{"line":57,"column":23},"end":{"line":57,"column":54}},"line":57},"14":{"name":"(anonymous_14)","decl":{"start":{"line":57,"column":35},"end":{"line":57,"column":36}},"loc":{"start":{"line":57,"column":42},"end":{"line":57,"column":53}},"line":57},"15":{"name":"(anonymous_15)","decl":{"start":{"line":60,"column":21},"end":{"line":60,"column":22}},"loc":{"start":{"line":60,"column":37},"end":{"line":66,"column":3}},"line":60},"16":{"name":"(anonymous_16)","decl":{"start":{"line":61,"column":13},"end":{"line":61,"column":14}},"loc":{"start":{"line":62,"column":6},"end":{"line":64,"column":7}},"line":62},"17":{"name":"(anonymous_17)","decl":{"start":{"line":62,"column":15},"end":{"line":62,"column":16}},"loc":{"start":{"line":63,"column":8},"end":{"line":63,"column":94}},"line":63}},"branchMap":{"0":{"loc":{"start":{"line":17,"column":8},"end":{"line":17,"column":43}},"type":"if","locations":[{"start":{"line":17,"column":8},"end":{"line":17,"column":43}},{"start":{},"end":{}}],"line":17},"1":{"loc":{"start":{"line":30,"column":8},"end":{"line":30,"column":37}},"type":"if","locations":[{"start":{"line":30,"column":8},"end":{"line":30,"column":37}},{"start":{},"end":{}}],"line":30},"2":{"loc":{"start":{"line":41,"column":4},"end":{"line":41,"column":32}},"type":"if","locations":[{"start":{"line":41,"column":4},"end":{"line":41,"column":32}},{"start":{},"end":{}}],"line":41},"3":{"loc":{"start":{"line":63,"column":8},"end":{"line":63,"column":94}},"type":"cond-expr","locations":[{"start":{"line":63,"column":22},"end":{"line":63,"column":90}},{"start":{"line":63,"column":93},"end":{"line":63,"column":94}}],"line":63},"4":{"loc":{"start":{"line":63,"column":38},"end":{"line":63,"column":88}},"type":"cond-expr","locations":[{"start":{"line":63,"column":65},"end":{"line":63,"column":74}},{"start":{"line":63,"column":77},"end":{"line":63,"column":88}}],"line":63}},"s":{"0":2,"1":22,"2":22,"3":22,"4":22,"5":7,"6":7,"7":7,"8":4,"9":7,"10":7,"11":7,"12":7,"13":7,"14":7,"15":22,"16":19,"17":7,"18":12,"19":22,"20":4,"21":4,"22":4,"23":3,"24":3,"25":3,"26":1,"27":22,"28":0,"29":0,"30":0,"31":22,"32":2,"33":2,"34":2,"35":22},"f":{"0":22,"1":7,"2":7,"3":0,"4":7,"5":7,"6":0,"7":7,"8":19,"9":0,"10":4,"11":3,"12":0,"13":0,"14":0,"15":2,"16":2,"17":2},"b":{"0":[4,3],"1":[7,0],"2":[7,12],"3":[2,0],"4":[1,1]},"_coverageSchema":"1a1c01bbd47fc00a2c39e90264f33305004495a9","hash":"57e906ad25c6e6ca4fa94737e68529759e486ee7"}
,"C:\\Users\\Katsu\\task-manager-testing-lab\\src\\hooks\\useTaskList.ts": {"path":"C:\\Users\\Katsu\\task-manager-testing-lab\\src\\hooks\\useTaskList.ts","statementMap":{"0":{"start":{"line":5,"column":28},"end":{"line":5,"column":58}},"1":{"start":{"line":6,"column":28},"end":{"line":6,"column":57}},"2":{"start":{"line":8,"column":18},"end":{"line":20,"column":3}},"3":{"start":{"line":9,"column":4},"end":{"line":12,"column":5}},"4":{"start":{"line":10,"column":6},"end":{"line":10,"column":49}},"5":{"start":{"line":11,"column":6},"end":{"line":11,"column":13}},"6":{"start":{"line":13,"column":4},"end":{"line":13,"column":19}},"7":{"start":{"line":14,"column":26},"end":{"line":18,"column":5}},"8":{"start":{"line":19,"column":4},"end":{"line":19,"column":43}},"9":{"start":{"line":19,"column":23},"end":{"line":19,"column":41}},"10":{"start":{"line":22,"column":21},"end":{"line":24,"column":3}},"11":{"start":{"line":23,"column":4},"end":{"line":23,"column":62}},"12":{"start":{"line":23,"column":23},"end":{"line":23,"column":60}},"13":{"start":{"line":23,"column":45},"end":{"line":23,"column":59}},"14":{"start":{"line":26,"column":20},"end":{"line":26,"column":32}},"15":{"start":{"line":28,"column":2},"end":{"line":28,"column":58}}},"fnMap":{"0":{"name":"useTaskList","decl":{"start":{"line":4,"column":16},"end":{"line":4,"column":27}},"loc":{"start":{"line":4,"column":55},"end":{"line":29,"column":1}},"line":4},"1":{"name":"(anonymous_1)","decl":{"start":{"line":8,"column":18},"end":{"line":8,"column":19}},"loc":{"start":{"line":8,"column":37},"end":{"line":20,"column":3}},"line":8},"2":{"name":"(anonymous_2)","decl":{"start":{"line":19,"column":13},"end":{"line":19,"column":14}},"loc":{"start":{"line":19,"column":23},"end":{"line":19,"column":41}},"line":19},"3":{"name":"(anonymous_3)","decl":{"start":{"line":22,"column":21},"end":{"line":22,"column":22}},"loc":{"start":{"line":22,"column":37},"end":{"line":24,"column":3}},"line":22},"4":{"name":"(anonymous_4)","decl":{"start":{"line":23,"column":13},"end":{"line":23,"column":14}},"loc":{"start":{"line":23,"column":23},"end":{"line":23,"column":60}},"line":23},"5":{"name":"(anonymous_5)","decl":{"start":{"line":23,"column":35},"end":{"line":23,"column":36}},"loc":{"start":{"line":23,"column":45},"end":{"line":23,"column":59}},"line":23}},"branchMap":{"0":{"loc":{"start":{"line":4,"column":28},"end":{"line":4,"column":53}},"type":"default-arg","locations":[{"start":{"line":4,"column":51},"end":{"line":4,"column":53}}],"line":4},"1":{"loc":{"start":{"line":9,"column":4},"end":{"line":12,"column":5}},"type":"if","locations":[{"start":{"line":9,"column":4},"end":{"line":12,"column":5}},{"start":{},"end":{}}],"line":9}},"s":{"0":10,"1":10,"2":10,"3":4,"4":2,"5":2,"6":2,"7":2,"8":2,"9":2,"10":10,"11":1,"12":1,"13":2,"14":10,"15":10},"f":{"0":10,"1":4,"2":2,"3":1,"4":1,"5":2},"b":{"0":[8],"1":[2,2]},"_coverageSchema":"1a1c01bbd47fc00a2c39e90264f33305004495a9","hash":"d956f55778ce664b6fdde111981fe501c185ce03"}
,"C:\\Users\\Katsu\\task-manager-testing-lab\\src\\schemas\\taskSchema.ts": {"path":"C:\\Users\\Katsu\\task-manager-testing-lab\\src\\schemas\\taskSchema.ts","statementMap":{"0":{"start":{"line":3,"column":26},"end":{"line":8,"column":2}},"1":{"start":{"line":10,"column":30},"end":{"line":10,"column":49}}},"fnMap":{},"branchMap":{},"s":{"0":1,"1":1},"f":{},"b":{},"_coverageSchema":"1a1c01bbd47fc00a2c39e90264f33305004495a9","hash":"35fab1f7489b37b4dd5bf27df1939eb873068906"}
,"C:\\Users\\Katsu\\task-manager-testing-lab\\src\\screens\\CheckoutScreen.tsx": {"path":"C:\\Users\\Katsu\\task-manager-testing-lab\\src\\screens\\CheckoutScreen.tsx","statementMap":{"0":{"start":{"line":9,"column":28},"end":{"line":9,"column":67}},"1":{"start":{"line":10,"column":36},"end":{"line":10,"column":83}},"2":{"start":{"line":11,"column":34},"end":{"line":11,"column":94}},"3":{"start":{"line":13,"column":18},"end":{"line":14,"column":81}},"4":{"start":{"line":14,"column":2},"end":{"line":14,"column":81}},"5":{"start":{"line":14,"column":22},"end":{"line":14,"column":80}},"6":{"start":{"line":14,"column":52},"end":{"line":14,"column":79}},"7":{"start":{"line":17,"column":17},"end":{"line":17,"column":36}},"8":{"start":{"line":18,"column":26},"end":{"line":18,"column":45}},"9":{"start":{"line":19,"column":34},"end":{"line":19,"column":57}},"10":{"start":{"line":20,"column":32},"end":{"line":20,"column":54}},"11":{"start":{"line":21,"column":30},"end":{"line":21,"column":76}},"12":{"start":{"line":23,"column":17},"end":{"line":29,"column":3}},"13":{"start":{"line":24,"column":4},"end":{"line":27,"column":5}},"14":{"start":{"line":25,"column":6},"end":{"line":25,"column":25}},"15":{"start":{"line":26,"column":6},"end":{"line":26,"column":13}},"16":{"start":{"line":28,"column":4},"end":{"line":28,"column":25}},"17":{"start":{"line":31,"column":2},"end":{"line":81,"column":4}},"18":{"start":{"line":40,"column":57},"end":{"line":40,"column":91}},"19":{"start":{"line":40,"column":73},"end":{"line":40,"column":89}},"20":{"start":{"line":43,"column":28},"end":{"line":43,"column":66}},"21":{"start":{"line":43,"column":48},"end":{"line":43,"column":64}},"22":{"start":{"line":47,"column":28},"end":{"line":47,"column":65}},"23":{"start":{"line":47,"column":47},"end":{"line":47,"column":63}},"24":{"start":{"line":74,"column":36},"end":{"line":74,"column":54}}},"fnMap":{"0":{"name":"(anonymous_0)","decl":{"start":{"line":13,"column":18},"end":{"line":13,"column":19}},"loc":{"start":{"line":14,"column":2},"end":{"line":14,"column":81}},"line":14},"1":{"name":"(anonymous_1)","decl":{"start":{"line":14,"column":15},"end":{"line":14,"column":16}},"loc":{"start":{"line":14,"column":22},"end":{"line":14,"column":80}},"line":14},"2":{"name":"(anonymous_2)","decl":{"start":{"line":14,"column":45},"end":{"line":14,"column":46}},"loc":{"start":{"line":14,"column":52},"end":{"line":14,"column":79}},"line":14},"3":{"name":"CheckoutScreen","decl":{"start":{"line":16,"column":16},"end":{"line":16,"column":30}},"loc":{"start":{"line":16,"column":33},"end":{"line":82,"column":1}},"line":16},"4":{"name":"(anonymous_4)","decl":{"start":{"line":23,"column":17},"end":{"line":23,"column":18}},"loc":{"start":{"line":23,"column":23},"end":{"line":29,"column":3}},"line":23},"5":{"name":"(anonymous_5)","decl":{"start":{"line":40,"column":47},"end":{"line":40,"column":48}},"loc":{"start":{"line":40,"column":57},"end":{"line":40,"column":91}},"line":40},"6":{"name":"(anonymous_6)","decl":{"start":{"line":40,"column":65},"end":{"line":40,"column":66}},"loc":{"start":{"line":40,"column":73},"end":{"line":40,"column":89}},"line":40},"7":{"name":"(anonymous_7)","decl":{"start":{"line":43,"column":18},"end":{"line":43,"column":19}},"loc":{"start":{"line":43,"column":28},"end":{"line":43,"column":66}},"line":43},"8":{"name":"(anonymous_8)","decl":{"start":{"line":43,"column":40},"end":{"line":43,"column":41}},"loc":{"start":{"line":43,"column":48},"end":{"line":43,"column":64}},"line":43},"9":{"name":"(anonymous_9)","decl":{"start":{"line":47,"column":18},"end":{"line":47,"column":19}},"loc":{"start":{"line":47,"column":28},"end":{"line":47,"column":65}},"line":47},"10":{"name":"(anonymous_10)","decl":{"start":{"line":47,"column":39},"end":{"line":47,"column":40}},"loc":{"start":{"line":47,"column":47},"end":{"line":47,"column":63}},"line":47},"11":{"name":"(anonymous_11)","decl":{"start":{"line":74,"column":30},"end":{"line":74,"column":31}},"loc":{"start":{"line":74,"column":36},"end":{"line":74,"column":54}},"line":74}},"branchMap":{"0":{"loc":{"start":{"line":24,"column":4},"end":{"line":27,"column":5}},"type":"if","locations":[{"start":{"line":24,"column":4},"end":{"line":27,"column":5}},{"start":{},"end":{}}],"line":24},"1":{"loc":{"start":{"line":50,"column":7},"end":{"line":54,"column":7}},"type":"binary-expr","locations":[{"start":{"line":50,"column":7},"end":{"line":50,"column":25}},{"start":{"line":51,"column":8},"end":{"line":53,"column":15}}],"line":50},"2":{"loc":{"start":{"line":55,"column":7},"end":{"line":59,"column":7}},"type":"binary-expr","locations":[{"start":{"line":55,"column":7},"end":{"line":55,"column":27}},{"start":{"line":56,"column":8},"end":{"line":58,"column":15}}],"line":55},"3":{"loc":{"start":{"line":71,"column":5},"end":{"line":79,"column":5}},"type":"binary-expr","locations":[{"start":{"line":71,"column":5},"end":{"line":71,"column":26}},{"start":{"line":72,"column":6},"end":{"line":78,"column":27}}],"line":71}},"s":{"0":1,"1":1,"2":1,"3":1,"4":2,"5":4,"6":11,"7":14,"8":14,"9":14,"10":14,"11":14,"12":14,"13":2,"14":1,"15":1,"16":1,"17":14,"18":3,"19":3,"20":3,"21":3,"22":4,"23":4,"24":0},"f":{"0":2,"1":4,"2":11,"3":14,"4":2,"5":3,"6":3,"7":3,"8":3,"9":4,"10":4,"11":0},"b":{"0":[1,1],"1":[14,1],"2":[14,1],"3":[14,14]},"_coverageSchema":"1a1c01bbd47fc00a2c39e90264f33305004495a9","hash":"70ccb8f610a172f18d7216f02e3c05adc978556f"}
,"C:\\Users\\Katsu\\task-manager-testing-lab\\src\\screens\\CreateTaskScreen.tsx": {"path":"C:\\Users\\Katsu\\task-manager-testing-lab\\src\\screens\\CreateTaskScreen.tsx","statementMap":{"0":{"start":{"line":10,"column":58},"end":{"line":14,"column":1}},"1":{"start":{"line":17,"column":60},"end":{"line":17,"column":75}},"2":{"start":{"line":18,"column":17},"end":{"line":18,"column":36}},"3":{"start":{"line":19,"column":44},"end":{"line":19,"column":73}},"4":{"start":{"line":20,"column":30},"end":{"line":20,"column":59}},"5":{"start":{"line":22,"column":22},"end":{"line":22,"column":63}},"6":{"start":{"line":22,"column":40},"end":{"line":22,"column":62}},"7":{"start":{"line":23,"column":23},"end":{"line":23,"column":57}},"8":{"start":{"line":25,"column":2},"end":{"line":71,"column":4}},"9":{"start":{"line":44,"column":25},"end":{"line":44,"column":43}},"10":{"start":{"line":45,"column":10},"end":{"line":57,"column":12}},"11":{"start":{"line":48,"column":29},"end":{"line":48,"column":47}},"12":{"start":{"line":64,"column":24},"end":{"line":64,"column":46}},"13":{"start":{"line":66,"column":10},"end":{"line":66,"column":55}},"14":{"start":{"line":66,"column":29},"end":{"line":66,"column":55}},"15":{"start":{"line":67,"column":10},"end":{"line":67,"column":33}}},"fnMap":{"0":{"name":"CreateTaskScreen","decl":{"start":{"line":16,"column":16},"end":{"line":16,"column":32}},"loc":{"start":{"line":16,"column":35},"end":{"line":72,"column":1}},"line":16},"1":{"name":"(anonymous_1)","decl":{"start":{"line":22,"column":33},"end":{"line":22,"column":34}},"loc":{"start":{"line":22,"column":40},"end":{"line":22,"column":62}},"line":22},"2":{"name":"(anonymous_2)","decl":{"start":{"line":43,"column":21},"end":{"line":43,"column":22}},"loc":{"start":{"line":43,"column":28},"end":{"line":58,"column":9}},"line":43},"3":{"name":"(anonymous_3)","decl":{"start":{"line":48,"column":23},"end":{"line":48,"column":24}},"loc":{"start":{"line":48,"column":29},"end":{"line":48,"column":47}},"line":48},"4":{"name":"(anonymous_4)","decl":{"start":{"line":64,"column":18},"end":{"line":64,"column":19}},"loc":{"start":{"line":64,"column":24},"end":{"line":64,"column":46}},"line":64},"5":{"name":"(anonymous_5)","decl":{"start":{"line":65,"column":19},"end":{"line":65,"column":20}},"loc":{"start":{"line":65,"column":25},"end":{"line":68,"column":9}},"line":65}},"branchMap":{"0":{"loc":{"start":{"line":32,"column":7},"end":{"line":36,"column":7}},"type":"binary-expr","locations":[{"start":{"line":32,"column":7},"end":{"line":32,"column":27}},{"start":{"line":33,"column":8},"end":{"line":35,"column":15}}],"line":32},"1":{"loc":{"start":{"line":37,"column":7},"end":{"line":41,"column":7}},"type":"binary-expr","locations":[{"start":{"line":37,"column":7},"end":{"line":37,"column":25}},{"start":{"line":38,"column":8},"end":{"line":40,"column":15}}],"line":37},"2":{"loc":{"start":{"line":51,"column":51},"end":{"line":51,"column":89}},"type":"cond-expr","locations":[{"start":{"line":51,"column":60},"end":{"line":51,"column":73}},{"start":{"line":51,"column":76},"end":{"line":51,"column":89}}],"line":51},"3":{"loc":{"start":{"line":53,"column":54},"end":{"line":53,"column":93}},"type":"cond-expr","locations":[{"start":{"line":53,"column":63},"end":{"line":53,"column":75}},{"start":{"line":53,"column":78},"end":{"line":53,"column":93}}],"line":53},"4":{"loc":{"start":{"line":66,"column":10},"end":{"line":66,"column":55}},"type":"if","locations":[{"start":{"line":66,"column":10},"end":{"line":66,"column":55}},{"start":{},"end":{}}],"line":66}},"s":{"0":1,"1":12,"2":12,"3":12,"4":12,"5":12,"6":3,"7":12,"8":12,"9":36,"10":36,"11":0,"12":0,"13":0,"14":0,"15":0},"f":{"0":12,"1":3,"2":36,"3":0,"4":0,"5":0},"b":{"0":[12,1],"1":[12,1],"2":[12,24],"3":[12,24],"4":[0,0]},"_coverageSchema":"1a1c01bbd47fc00a2c39e90264f33305004495a9","hash":"6a65ed294d6c73ede208a7e68b6c8d3e72bcb26c"}
,"C:\\Users\\Katsu\\task-manager-testing-lab\\src\\screens\\HomeScreen.tsx": {"path":"C:\\Users\\Katsu\\task-manager-testing-lab\\src\\screens\\HomeScreen.tsx","statementMap":{"0":{"start":{"line":6,"column":92},"end":{"line":19,"column":1}},"1":{"start":{"line":22,"column":17},"end":{"line":22,"column":36}},"2":{"start":{"line":24,"column":2},"end":{"line":43,"column":4}},"3":{"start":{"line":31,"column":8},"end":{"line":40,"column":15}}},"fnMap":{"0":{"name":"HomeScreen","decl":{"start":{"line":21,"column":16},"end":{"line":21,"column":26}},"loc":{"start":{"line":21,"column":29},"end":{"line":44,"column":1}},"line":21},"1":{"name":"(anonymous_1)","decl":{"start":{"line":30,"column":19},"end":{"line":30,"column":20}},"loc":{"start":{"line":31,"column":8},"end":{"line":40,"column":15}},"line":31}},"branchMap":{},"s":{"0":0,"1":0,"2":0,"3":0},"f":{"0":0,"1":0},"b":{}}
,"C:\\Users\\Katsu\\task-manager-testing-lab\\src\\services\\taskService.ts": {"path":"C:\\Users\\Katsu\\task-manager-testing-lab\\src\\services\\taskService.ts","statementMap":{"0":{"start":{"line":3,"column":16},"end":{"line":3,"column":45}},"1":{"start":{"line":6,"column":14},"end":{"line":6,"column":45}},"2":{"start":{"line":7,"column":2},"end":{"line":7,"column":62}},"3":{"start":{"line":7,"column":15},"end":{"line":7,"column":62}},"4":{"start":{"line":8,"column":2},"end":{"line":8,"column":20}},"5":{"start":{"line":12,"column":2},"end":{"line":30,"column":3}},"6":{"start":{"line":13,"column":16},"end":{"line":17,"column":6}},"7":{"start":{"line":18,"column":4},"end":{"line":18,"column":60}},"8":{"start":{"line":18,"column":17},"end":{"line":18,"column":60}},"9":{"start":{"line":19,"column":4},"end":{"line":19,"column":28}},"10":{"start":{"line":26,"column":4},"end":{"line":28,"column":5}},"11":{"start":{"line":27,"column":6},"end":{"line":27,"column":83}},"12":{"start":{"line":29,"column":4},"end":{"line":29,"column":14}}},"fnMap":{"0":{"name":"fetchTasks","decl":{"start":{"line":5,"column":22},"end":{"line":5,"column":32}},"loc":{"start":{"line":5,"column":52},"end":{"line":9,"column":1}},"line":5},"1":{"name":"createTask","decl":{"start":{"line":11,"column":22},"end":{"line":11,"column":32}},"loc":{"start":{"line":11,"column":63},"end":{"line":31,"column":1}},"line":11}},"branchMap":{"0":{"loc":{"start":{"line":7,"column":2},"end":{"line":7,"column":62}},"type":"if","locations":[{"start":{"line":7,"column":2},"end":{"line":7,"column":62}},{"start":{},"end":{}}],"line":7},"1":{"loc":{"start":{"line":18,"column":4},"end":{"line":18,"column":60}},"type":"if","locations":[{"start":{"line":18,"column":4},"end":{"line":18,"column":60}},{"start":{},"end":{}}],"line":18},"2":{"loc":{"start":{"line":26,"column":4},"end":{"line":28,"column":5}},"type":"if","locations":[{"start":{"line":26,"column":4},"end":{"line":28,"column":5}},{"start":{},"end":{}}],"line":26}},"s":{"0":3,"1":9,"2":9,"3":1,"4":8,"5":7,"6":7,"7":7,"8":2,"9":5,"10":2,"11":0,"12":2},"f":{"0":9,"1":7},"b":{"0":[1,8],"1":[2,5],"2":[0,2]},"_coverageSchema":"1a1c01bbd47fc00a2c39e90264f33305004495a9","hash":"44ec515a76125f6451e911bc97dc72e169cd4129"}
,"C:\\Users\\Katsu\\task-manager-testing-lab\\src\\utils\\filterTasks.ts": {"path":"C:\\Users\\Katsu\\task-manager-testing-lab\\src\\utils\\filterTasks.ts","statementMap":{"0":{"start":{"line":5,"column":30},"end":{"line":5,"column":73}},"1":{"start":{"line":8,"column":2},"end":{"line":10,"column":3}},"2":{"start":{"line":9,"column":4},"end":{"line":9,"column":50}},"3":{"start":{"line":11,"column":2},"end":{"line":11,"column":37}},"4":{"start":{"line":11,"column":24},"end":{"line":11,"column":37}},"5":{"start":{"line":12,"column":2},"end":{"line":12,"column":50}},"6":{"start":{"line":12,"column":29},"end":{"line":12,"column":48}}},"fnMap":{"0":{"name":"filterTasksByStatus","decl":{"start":{"line":7,"column":16},"end":{"line":7,"column":35}},"loc":{"start":{"line":7,"column":81},"end":{"line":13,"column":1}},"line":7},"1":{"name":"(anonymous_1)","decl":{"start":{"line":12,"column":22},"end":{"line":12,"column":23}},"loc":{"start":{"line":12,"column":29},"end":{"line":12,"column":48}},"line":12}},"branchMap":{"0":{"loc":{"start":{"line":8,"column":2},"end":{"line":10,"column":3}},"type":"if","locations":[{"start":{"line":8,"column":2},"end":{"line":10,"column":3}},{"start":{},"end":{}}],"line":8},"1":{"loc":{"start":{"line":11,"column":2},"end":{"line":11,"column":37}},"type":"if","locations":[{"start":{"line":11,"column":2},"end":{"line":11,"column":37}},{"start":{},"end":{}}],"line":11}},"s":{"0":2,"1":16,"2":1,"3":15,"4":13,"5":2,"6":8},"f":{"0":16,"1":8},"b":{"0":[1,15],"1":[13,2]},"_coverageSchema":"1a1c01bbd47fc00a2c39e90264f33305004495a9","hash":"1a3509cdc3da715d09f3bdfb8ba44d2a0f50f2ec"}
,"C:\\Users\\Katsu\\task-manager-testing-lab\\src\\utils\\validateTask.ts": {"path":"C:\\Users\\Katsu\\task-manager-testing-lab\\src\\utils\\validateTask.ts","statementMap":{"0":{"start":{"line":2,"column":2},"end":{"line":4,"column":3}},"1":{"start":{"line":3,"column":4},"end":{"line":3,"column":38}},"2":{"start":{"line":5,"column":2},"end":{"line":7,"column":3}},"3":{"start":{"line":6,"column":4},"end":{"line":6,"column":56}},"4":{"start":{"line":8,"column":2},"end":{"line":10,"column":3}},"5":{"start":{"line":9,"column":4},"end":{"line":9,"column":59}},"6":{"start":{"line":11,"column":2},"end":{"line":11,"column":14}}},"fnMap":{"0":{"name":"validateTaskTitle","decl":{"start":{"line":1,"column":16},"end":{"line":1,"column":33}},"loc":{"start":{"line":1,"column":64},"end":{"line":12,"column":1}},"line":1}},"branchMap":{"0":{"loc":{"start":{"line":2,"column":2},"end":{"line":4,"column":3}},"type":"if","locations":[{"start":{"line":2,"column":2},"end":{"line":4,"column":3}},{"start":{},"end":{}}],"line":2},"1":{"loc":{"start":{"line":2,"column":6},"end":{"line":2,"column":41}},"type":"binary-expr","locations":[{"start":{"line":2,"column":6},"end":{"line":2,"column":12}},{"start":{"line":2,"column":16},"end":{"line":2,"column":41}}],"line":2},"2":{"loc":{"start":{"line":5,"column":2},"end":{"line":7,"column":3}},"type":"if","locations":[{"start":{"line":5,"column":2},"end":{"line":7,"column":3}},{"start":{},"end":{}}],"line":5},"3":{"loc":{"start":{"line":8,"column":2},"end":{"line":10,"column":3}},"type":"if","locations":[{"start":{"line":8,"column":2},"end":{"line":10,"column":3}},{"start":{},"end":{}}],"line":8}},"s":{"0":7,"1":2,"2":5,"3":1,"4":4,"5":1,"6":3},"f":{"0":7},"b":{"0":[2,5],"1":[7,6],"2":[1,4],"3":[1,3]},"_coverageSchema":"1a1c01bbd47fc00a2c39e90264f33305004495a9","hash":"7730ac60e2ec44eec9f46fb86ee689ce62823d3f"}
}
