TN:
SF:src\types.ts
FNF:0
FNH:0
LF:0
LH:0
BRF:0
BRH:0
end_of_record
TN:
SF:src\components\ConfirmDeleteDialog.tsx
FN:11,ConfirmDeleteDialog
FNF:1
FNH:1
FNDA:18,ConfirmDeleteDialog
DA:17,18
LF:1
LH:1
BRDA:23,0,0,6
BRDA:23,0,1,12
BRF:2
BRH:2
end_of_record
TN:
SF:src\components\LabeledInput.tsx
FN:11,LabeledInput
FNF:1
FNH:1
FNDA:140,LabeledInput
DA:5,1
DA:12,140
LF:2
LH:2
BRDA:17,0,0,140
BRDA:17,0,1,0
BRF:2
BRH:1
end_of_record
TN:
SF:src\components\PaymentInfoSection.tsx
FN:17,PaymentInfoSection
FN:26,(anonymous_1)
FN:34,(anonymous_2)
FN:41,(anonymous_3)
FN:50,(anonymous_4)
FNF:5
FNH:5
FNDA:14,PaymentInfoSection
FNDA:1,(anonymous_1)
FNDA:1,(anonymous_2)
FNDA:1,(anonymous_3)
FNDA:1,(anonymous_4)
DA:18,14
DA:26,1
DA:34,1
DA:41,1
DA:50,1
LF:5
LH:5
BRF:0
BRH:0
end_of_record
TN:
SF:src\components\ShippingInfoSection.tsx
FN:16,ShippingInfoSection
FN:25,(anonymous_1)
FN:32,(anonymous_2)
FN:40,(anonymous_3)
FNF:4
FNH:4
FNDA:14,ShippingInfoSection
FNDA:1,(anonymous_1)
FNDA:1,(anonymous_2)
FNDA:1,(anonymous_3)
DA:17,14
DA:25,1
DA:32,1
DA:40,1
LF:4
LH:4
BRF:0
BRH:0
end_of_record
TN:
SF:src\components\StatusBadge.tsx
FN:4,StatusBadge
FNF:1
FNH:1
FNDA:2,StatusBadge
DA:5,2
DA:6,2
DA:8,2
LF:3
LH:3
BRDA:5,0,0,1
BRDA:5,0,1,1
BRDA:6,1,0,1
BRDA:6,1,1,1
BRF:4
BRH:4
end_of_record
TN:
SF:src\components\TaskCard.tsx
FN:11,TaskCard
FN:11,(anonymous_1)
FN:17,(anonymous_2)
FN:26,(anonymous_3)
FNF:4
FNH:2
FNDA:16,TaskCard
FNDA:0,(anonymous_1)
FNDA:0,(anonymous_2)
FNDA:1,(anonymous_3)
DA:12,16
DA:13,16
DA:17,0
DA:26,1
LF:4
LH:3
BRDA:11,0,0,10
BRDA:19,1,0,3
BRDA:19,1,1,13
BRDA:21,2,0,3
BRDA:21,2,1,13
BRDA:22,3,0,3
BRDA:22,3,1,13
BRF:7
BRH:7
end_of_record
TN:
SF:src\components\TaskForm.tsx
FN:8,TaskForm
FN:11,(anonymous_1)
FNF:2
FNH:2
FNDA:20,TaskForm
FNDA:4,(anonymous_1)
DA:9,20
DA:11,20
DA:12,4
DA:13,3
DA:14,3
DA:17,20
LF:6
LH:6
BRDA:12,0,0,1
BRDA:12,0,1,3
BRF:2
BRH:2
end_of_record
TN:
SF:src\components\TaskList.tsx
FN:12,TaskList
FN:12,(anonymous_1)
FN:12,(anonymous_2)
FN:26,(anonymous_3)
FN:27,(anonymous_4)
FNF:5
FNH:3
FNDA:15,TaskList
FNDA:0,(anonymous_1)
FNDA:0,(anonymous_2)
FNDA:10,(anonymous_3)
FNDA:6,(anonymous_4)
DA:13,15
DA:14,11
DA:17,4
DA:26,10
DA:27,6
LF:5
LH:5
BRDA:12,0,0,3
BRDA:12,1,0,3
BRDA:13,2,0,11
BRDA:13,2,1,4
BRDA:20,3,0,2
BRDA:20,3,1,2
BRF:6
BRH:6
end_of_record
TN:
SF:src\components\UserInfoSection.tsx
FN:16,UserInfoSection
FN:25,(anonymous_1)
FN:34,(anonymous_2)
FN:42,(anonymous_3)
FNF:4
FNH:4
FNDA:14,UserInfoSection
FNDA:1,(anonymous_1)
FNDA:1,(anonymous_2)
FNDA:1,(anonymous_3)
DA:17,14
DA:25,1
DA:34,1
DA:42,1
LF:4
LH:4
BRF:0
BRH:0
end_of_record
TN:
SF:src\hooks\useCounter.ts
FN:3,useCounter
FN:6,(anonymous_1)
FN:6,(anonymous_2)
FN:7,(anonymous_3)
FN:7,(anonymous_4)
FN:8,(anonymous_5)
FNF:6
FNH:6
FNDA:9,useCounter
FNDA:3,(anonymous_1)
FNDA:3,(anonymous_2)
FNDA:1,(anonymous_3)
FNDA:1,(anonymous_4)
FNDA:1,(anonymous_5)
DA:4,9
DA:6,9
DA:7,9
DA:8,9
DA:10,9
LF:5
LH:5
BRDA:3,0,0,3
BRF:1
BRH:1
end_of_record
TN:
SF:src\hooks\useCreateTask.ts
FN:8,useCreateTask
FN:13,(anonymous_1)
FN:16,(anonymous_2)
FN:19,(anonymous_3)
FN:20,(anonymous_4)
FN:29,(anonymous_5)
FN:32,(anonymous_6)
FN:34,(anonymous_7)
FN:39,(anonymous_8)
FN:42,(anonymous_9)
FN:45,(anonymous_10)
FN:49,(anonymous_11)
FN:56,(anonymous_12)
FN:57,(anonymous_13)
FN:57,(anonymous_14)
FN:60,(anonymous_15)
FN:61,(anonymous_16)
FN:62,(anonymous_17)
FNF:18
FNH:12
FNDA:22,useCreateTask
FNDA:7,(anonymous_1)
FNDA:7,(anonymous_2)
FNDA:0,(anonymous_3)
FNDA:7,(anonymous_4)
FNDA:7,(anonymous_5)
FNDA:0,(anonymous_6)
FNDA:7,(anonymous_7)
FNDA:19,(anonymous_8)
FNDA:0,(anonymous_9)
FNDA:4,(anonymous_10)
FNDA:3,(anonymous_11)
FNDA:0,(anonymous_12)
FNDA:0,(anonymous_13)
FNDA:0,(anonymous_14)
FNDA:2,(anonymous_15)
FNDA:2,(anonymous_16)
FNDA:2,(anonymous_17)
DA:6,2
DA:9,22
DA:10,22
DA:11,22
DA:13,22
DA:14,7
DA:15,7
DA:17,7
DA:21,7
DA:28,7
DA:30,7
DA:34,7
DA:35,7
DA:39,22
DA:41,19
DA:42,12
DA:45,22
DA:46,4
DA:47,4
DA:48,4
DA:49,3
DA:50,3
DA:52,1
DA:56,22
DA:57,0
DA:60,22
DA:61,2
DA:62,2
DA:63,2
DA:68,22
LF:30
LH:29
BRDA:17,0,0,4
BRDA:17,0,1,3
BRDA:30,1,0,7
BRDA:30,1,1,0
BRDA:41,2,0,7
BRDA:41,2,1,12
BRDA:63,3,0,2
BRDA:63,3,1,0
BRDA:63,4,0,1
BRDA:63,4,1,1
BRF:10
BRH:8
end_of_record
TN:
SF:src\hooks\useTaskList.ts
FN:4,useTaskList
FN:8,(anonymous_1)
FN:19,(anonymous_2)
FN:22,(anonymous_3)
FN:23,(anonymous_4)
FN:23,(anonymous_5)
FNF:6
FNH:6
FNDA:10,useTaskList
FNDA:4,(anonymous_1)
FNDA:2,(anonymous_2)
FNDA:1,(anonymous_3)
FNDA:1,(anonymous_4)
FNDA:2,(anonymous_5)
DA:5,10
DA:6,10
DA:8,10
DA:9,4
DA:10,2
DA:11,2
DA:13,2
DA:14,2
DA:19,2
DA:22,10
DA:23,2
DA:26,10
DA:28,10
LF:13
LH:13
BRDA:4,0,0,8
BRDA:9,1,0,2
BRDA:9,1,1,2
BRF:3
BRH:3
end_of_record
TN:
SF:src\schemas\taskSchema.ts
FNF:0
FNH:0
DA:3,1
DA:10,1
LF:2
LH:2
BRF:0
BRH:0
end_of_record
TN:
SF:src\screens\CheckoutScreen.tsx
FN:13,(anonymous_0)
FN:14,(anonymous_1)
FN:14,(anonymous_2)
FN:16,CheckoutScreen
FN:23,(anonymous_4)
FN:40,(anonymous_5)
FN:40,(anonymous_6)
FN:43,(anonymous_7)
FN:43,(anonymous_8)
FN:47,(anonymous_9)
FN:47,(anonymous_10)
FN:74,(anonymous_11)
FNF:12
FNH:11
FNDA:2,(anonymous_0)
FNDA:4,(anonymous_1)
FNDA:11,(anonymous_2)
FNDA:14,CheckoutScreen
FNDA:2,(anonymous_4)
FNDA:3,(anonymous_5)
FNDA:3,(anonymous_6)
FNDA:3,(anonymous_7)
FNDA:3,(anonymous_8)
FNDA:4,(anonymous_9)
FNDA:4,(anonymous_10)
FNDA:0,(anonymous_11)
DA:9,1
DA:10,1
DA:11,1
DA:13,1
DA:14,11
DA:17,14
DA:18,14
DA:19,14
DA:20,14
DA:21,14
DA:23,14
DA:24,2
DA:25,1
DA:26,1
DA:28,1
DA:31,14
DA:40,3
DA:43,3
DA:47,4
DA:74,0
LF:20
LH:19
BRDA:24,0,0,1
BRDA:24,0,1,1
BRDA:50,1,0,14
BRDA:50,1,1,1
BRDA:55,2,0,14
BRDA:55,2,1,1
BRDA:71,3,0,14
BRDA:71,3,1,14
BRF:8
BRH:8
end_of_record
TN:
SF:src\screens\CreateTaskScreen.tsx
FN:16,CreateTaskScreen
FN:22,(anonymous_1)
FN:43,(anonymous_2)
FN:48,(anonymous_3)
FN:64,(anonymous_4)
FN:65,(anonymous_5)
FNF:6
FNH:3
FNDA:12,CreateTaskScreen
FNDA:3,(anonymous_1)
FNDA:36,(anonymous_2)
FNDA:0,(anonymous_3)
FNDA:0,(anonymous_4)
FNDA:0,(anonymous_5)
DA:10,1
DA:17,12
DA:18,12
DA:19,12
DA:20,12
DA:22,12
DA:23,12
DA:25,12
DA:44,36
DA:45,36
DA:48,0
DA:64,0
DA:66,0
DA:67,0
LF:14
LH:10
BRDA:32,0,0,12
BRDA:32,0,1,1
BRDA:37,1,0,12
BRDA:37,1,1,1
BRDA:51,2,0,12
BRDA:51,2,1,24
BRDA:53,3,0,12
BRDA:53,3,1,24
BRDA:66,4,0,0
BRDA:66,4,1,0
BRF:10
BRH:8
end_of_record
TN:
SF:src\screens\HomeScreen.tsx
FN:21,HomeScreen
FN:30,(anonymous_1)
FNF:2
FNH:0
FNDA:0,HomeScreen
FNDA:0,(anonymous_1)
DA:6,0
DA:22,0
DA:24,0
DA:31,0
LF:4
LH:0
BRF:0
BRH:0
end_of_record
TN:
SF:src\services\taskService.ts
FN:5,fetchTasks
FN:11,createTask
FNF:2
FNH:2
FNDA:9,fetchTasks
FNDA:7,createTask
DA:3,3
DA:6,9
DA:7,9
DA:8,8
DA:12,7
DA:13,7
DA:18,7
DA:19,5
DA:26,2
DA:27,0
DA:29,2
LF:11
LH:10
BRDA:7,0,0,1
BRDA:7,0,1,8
BRDA:18,1,0,2
BRDA:18,1,1,5
BRDA:26,2,0,0
BRDA:26,2,1,2
BRF:6
BRH:5
end_of_record
TN:
SF:src\utils\filterTasks.ts
FN:7,filterTasksByStatus
FN:12,(anonymous_1)
FNF:2
FNH:2
FNDA:16,filterTasksByStatus
FNDA:8,(anonymous_1)
DA:5,2
DA:8,16
DA:9,1
DA:11,15
DA:12,8
LF:5
LH:5
BRDA:8,0,0,1
BRDA:8,0,1,15
BRDA:11,1,0,13
BRDA:11,1,1,2
BRF:4
BRH:4
end_of_record
TN:
SF:src\utils\validateTask.ts
FN:1,validateTaskTitle
FNF:1
FNH:1
FNDA:7,validateTaskTitle
DA:2,7
DA:3,2
DA:5,5
DA:6,1
DA:8,4
DA:9,1
DA:11,3
LF:7
LH:7
BRDA:2,0,0,2
BRDA:2,0,1,5
BRDA:2,1,0,7
BRDA:2,1,1,6
BRDA:5,2,0,1
BRDA:5,2,1,4
BRDA:8,3,0,1
BRDA:8,3,1,3
BRF:8
BRH:8
end_of_record
